<?xml version="1.0" encoding="UTF-8"?>
<testng-results ignored="0" total="1" passed="1" failed="0" skipped="0">
  <reporter-output>
  </reporter-output>
  <suite started-at="2025-06-20T15:59:21 IST" name="Default suite" finished-at="2025-06-20T15:59:46 IST" duration-ms="25366">
    <groups>
    </groups>
    <test started-at="2025-06-20T15:59:21 IST" name="Default test" finished-at="2025-06-20T15:59:46 IST" duration-ms="25366">
      <class name="com.testcases.Tc_login">
        <test-method is-config="true" signature="urlLanuch()[pri:0, instance:com.testcases.Tc_login@2d52216b]" started-at="2025-06-20T15:59:21 IST" name="urlLanuch" finished-at="2025-06-20T15:59:37 IST" duration-ms="16534" status="PASS">
          <reporter-output>
          </reporter-output>
        </test-method> <!-- urlLanuch -->
        <test-method signature="login()[pri:0, instance:com.testcases.Tc_login@2d52216b]" started-at="2025-06-20T15:59:37 IST" name="login" finished-at="2025-06-20T15:59:46 IST" duration-ms="8441" status="PASS">
          <reporter-output>
          </reporter-output>
        </test-method> <!-- login -->
        <test-method is-config="true" signature="urlClose()[pri:0, instance:com.testcases.Tc_login@2d52216b]" started-at="2025-06-20T15:59:46 IST" name="urlClose" finished-at="2025-06-20T15:59:46 IST" duration-ms="218" status="PASS">
          <reporter-output>
          </reporter-output>
        </test-method> <!-- urlClose -->
      </class> <!-- com.testcases.Tc_login -->
    </test> <!-- Default test -->
  </suite> <!-- Default suite -->
</testng-results>
