<?xml version="1.0" encoding="UTF-8"?>
<testng-results ignored="0" total="1" passed="1" failed="0" skipped="0">
  <reporter-output>
  </reporter-output>
  <suite started-at="2025-05-23T09:23:23 IST" name="Suite" finished-at="2025-05-23T09:24:18 IST" duration-ms="55164">
    <groups>
      <group name="p2">
        <method signature="Tc_AllCollections.allCollectionsTest()[pri:0, instance:com.testcases.Tc_AllCollections@73e9cf30]" name="allCollectionsTest" class="com.testcases.Tc_AllCollections"/>
      </group> <!-- p2 -->
      <group name="smoke">
        <method signature="Tc_AllCollections.allCollectionsTest()[pri:0, instance:com.testcases.Tc_AllCollections@73e9cf30]" name="allCollectionsTest" class="com.testcases.Tc_AllCollections"/>
      </group> <!-- smoke -->
    </groups>
    <test started-at="2025-05-23T09:23:23 IST" name="Test" finished-at="2025-05-23T09:24:18 IST" duration-ms="55164">
      <class name="com.testcases.Tc_AllCollections">
        <test-method is-config="true" signature="urlLaunch()[pri:0, instance:com.testcases.Tc_AllCollections@73e9cf30]" started-at="2025-05-23T09:23:23 IST" name="urlLaunch" finished-at="2025-05-23T09:23:49 IST" duration-ms="26305" status="PASS">
          <reporter-output>
          </reporter-output>
        </test-method> <!-- urlLaunch -->
        <test-method signature="allCollectionsTest()[pri:0, instance:com.testcases.Tc_AllCollections@73e9cf30]" started-at="2025-05-23T09:23:50 IST" name="allCollectionsTest" finished-at="2025-05-23T09:24:18 IST" duration-ms="28153" status="PASS">
          <reporter-output>
          </reporter-output>
        </test-method> <!-- allCollectionsTest -->
        <test-method is-config="true" signature="browserClose()[pri:0, instance:com.testcases.Tc_AllCollections@73e9cf30]" started-at="2025-05-23T09:24:18 IST" name="browserClose" finished-at="2025-05-23T09:24:18 IST" duration-ms="564" status="PASS">
          <reporter-output>
          </reporter-output>
        </test-method> <!-- browserClose -->
      </class> <!-- com.testcases.Tc_AllCollections -->
    </test> <!-- Test -->
  </suite> <!-- Suite -->
</testng-results>
